<?xml version="1.0" encoding="UTF-8"?>
<!-- Generated by org.testng.reporters.JUnitReportReporter -->
<testsuite skipped="0" hostname="T-248-602105L" name="testcases.TC_001_logintest" tests="1" failures="0" timestamp="12 Jun 2019 13:35:13 GMT" time="25.262" errors="0">
  <testcase name="Test1" time="25.262" classname="testcases.TC_001_logintest"/>
</testsuite> <!-- testcases.TC_001_logintest -->
