<?xml version="1.0" encoding="UTF-8"?>
<!-- Generated by org.testng.reporters.JUnitReportReporter -->
<testsuite skipped="0" hostname="T-248-602105L" name="testcases.TC_001_Validateloginfunctionality" tests="1" failures="0" timestamp="12 Jun 2019 13:35:13 GMT" time="11.725" errors="0">
  <testcase name="TC_001_loginfunctionality" time="11.725" classname="testcases.TC_001_Validateloginfunctionality"/>
</testsuite> <!-- testcases.TC_001_Validateloginfunctionality -->
