<?xml version="1.0" encoding="UTF-8"?>
<!-- Generated by org.testng.reporters.JUnitReportReporter -->
<testsuite skipped="0" hostname="T-248-602105L" name="testcases.TC_002_validatelogin_multi_staticdata" tests="3" failures="0" timestamp="12 Jun 2019 13:35:13 GMT" time="33.667" errors="0">
  <testcase name="TC_001_loginfunctionality" time="13.037" classname="testcases.TC_002_validatelogin_multi_staticdata"/>
  <testcase name="TC_001_loginfunctionality" time="9.908" classname="testcases.TC_002_validatelogin_multi_staticdata"/>
  <testcase name="TC_001_loginfunctionality" time="10.722" classname="testcases.TC_002_validatelogin_multi_staticdata"/>
</testsuite> <!-- testcases.TC_002_validatelogin_multi_staticdata -->
