<?xml version="1.0" encoding="UTF-8"?>
<!-- Generated by org.testng.reporters.JUnitReportReporter -->
<testsuite skipped="0" hostname="T-248-602105L" name="testcases.TC_003_login_data_excel_usingdatagen" tests="4" failures="0" timestamp="12 Jun 2019 13:35:13 GMT" time="55.005" errors="0">
  <testcase name="TC_001_loginfunctionality" time="11.872" classname="testcases.TC_003_login_data_excel_usingdatagen"/>
  <testcase name="TC_001_loginfunctionality" time="16.607" classname="testcases.TC_003_login_data_excel_usingdatagen"/>
  <testcase name="TC_001_loginfunctionality" time="12.406" classname="testcases.TC_003_login_data_excel_usingdatagen"/>
  <testcase name="TC_001_loginfunctionality" time="14.120" classname="testcases.TC_003_login_data_excel_usingdatagen"/>
</testsuite> <!-- testcases.TC_003_login_data_excel_usingdatagen -->
