<?xml version="1.0" encoding="UTF-8"?>
<!-- Generated by org.testng.reporters.JUnitReportReporter -->
<testsuite skipped="0" hostname="T-248-602105L" name="testcases.TC_003_login_data_excel" tests="4" failures="0" timestamp="12 Jun 2019 13:35:13 GMT" time="58.183" errors="0">
  <testcase name="TC_001_loginfunctionality" time="15.364" classname="testcases.TC_003_login_data_excel"/>
  <testcase name="TC_001_loginfunctionality" time="12.773" classname="testcases.TC_003_login_data_excel"/>
  <testcase name="TC_001_loginfunctionality" time="10.584" classname="testcases.TC_003_login_data_excel"/>
  <testcase name="TC_001_loginfunctionality" time="19.462" classname="testcases.TC_003_login_data_excel"/>
</testsuite> <!-- testcases.TC_003_login_data_excel -->
