<?xml version="1.0" encoding="UTF-8"?>
<!-- Generated by org.testng.reporters.JUnitReportReporter -->
<testsuite skipped="0" hostname="T-248-602105L" name="testcases.TC_001_logintest" tests="1" failures="0" timestamp="11 Jun 2019 12:16:53 GMT" time="21.576" errors="0">
  <testcase name="Test1" time="21.576" classname="testcases.TC_001_logintest"/>
</testsuite> <!-- testcases.TC_001_logintest -->
