<?xml version="1.0" encoding="UTF-8"?>
<!-- Generated by org.testng.reporters.JUnitReportReporter -->
<testsuite skipped="0" hostname="T-248-602105L" name="testcases.TC_001_Validateloginfunctionality" tests="1" failures="0" timestamp="11 Jun 2019 12:16:53 GMT" time="11.321" errors="0">
  <testcase name="TC_001_loginfunctionality" time="11.321" classname="testcases.TC_001_Validateloginfunctionality"/>
</testsuite> <!-- testcases.TC_001_Validateloginfunctionality -->
