<?xml version="1.0" encoding="UTF-8"?>
<!-- Generated by org.testng.reporters.JUnitReportReporter -->
<testsuite skipped="0" hostname="T-248-602105L" name="testcases.TC_003_login_data_excel" tests="4" failures="0" timestamp="11 Jun 2019 12:16:53 GMT" time="59.283" errors="0">
  <testcase name="TC_001_loginfunctionality" time="15.043" classname="testcases.TC_003_login_data_excel"/>
  <testcase name="TC_001_loginfunctionality" time="13.031" classname="testcases.TC_003_login_data_excel"/>
  <testcase name="TC_001_loginfunctionality" time="19.728" classname="testcases.TC_003_login_data_excel"/>
  <testcase name="TC_001_loginfunctionality" time="11.481" classname="testcases.TC_003_login_data_excel"/>
</testsuite> <!-- testcases.TC_003_login_data_excel -->
