<?xml version="1.0" encoding="UTF-8"?>
<!-- Generated by org.testng.reporters.JUnitReportReporter -->
<testsuite skipped="0" hostname="T-248-602105L" name="testcases.TC_003_login_data_excel" tests="4" failures="0" timestamp="20 Sep 2018 05:04:33 GMT" time="76.196" errors="0">
  <testcase name="TC_001_loginfunctionality" time="19.421" classname="testcases.TC_003_login_data_excel"/>
  <testcase name="TC_001_loginfunctionality" time="10.410" classname="testcases.TC_003_login_data_excel"/>
  <testcase name="TC_001_loginfunctionality" time="12.331" classname="testcases.TC_003_login_data_excel"/>
  <testcase name="TC_001_loginfunctionality" time="34.034" classname="testcases.TC_003_login_data_excel"/>
</testsuite> <!-- testcases.TC_003_login_data_excel -->
