<?xml version="1.0" encoding="UTF-8"?>
<!-- Generated by org.testng.reporters.JUnitReportReporter -->
<testsuite skipped="0" hostname="T-248-602105L" name="testcases.TC_001_logintest" tests="1" failures="0" timestamp="28 Oct 2018 06:04:50 GMT" time="56.296" errors="0">
  <testcase name="Test1" time="56.296" classname="testcases.TC_001_logintest"/>
</testsuite> <!-- testcases.TC_001_logintest -->
