<?xml version="1.0" encoding="UTF-8"?>
<!-- Generated by org.testng.reporters.JUnitReportReporter -->
<testsuite skipped="0" hostname="T-248-602105L" name="testcases.TC_002_validatelogin_multi_staticdata" tests="3" failures="0" timestamp="14 Sep 2018 11:19:52 GMT" time="58.051" errors="0">
  <testcase name="TC_001_loginfunctionality" time="20.658" classname="testcases.TC_002_validatelogin_multi_staticdata"/>
  <testcase name="TC_001_loginfunctionality" time="18.653" classname="testcases.TC_002_validatelogin_multi_staticdata"/>
  <testcase name="TC_001_loginfunctionality" time="18.740" classname="testcases.TC_002_validatelogin_multi_staticdata"/>
</testsuite> <!-- testcases.TC_002_validatelogin_multi_staticdata -->
