<?xml version="1.0" encoding="UTF-8"?>
<!-- Generated by org.testng.reporters.JUnitReportReporter -->
<testsuite skipped="0" hostname="T-248-602105L" name="testcases.TC_003_login_data_excel_usingdatagen" tests="4" failures="0" timestamp="04 Jun 2019 13:46:17 GMT" time="128.980" errors="0">
  <testcase name="TC_001_loginfunctionality" time="15.724" classname="testcases.TC_003_login_data_excel_usingdatagen"/>
  <testcase name="TC_001_loginfunctionality" time="70.422" classname="testcases.TC_003_login_data_excel_usingdatagen"/>
  <testcase name="TC_001_loginfunctionality" time="28.004" classname="testcases.TC_003_login_data_excel_usingdatagen"/>
  <testcase name="TC_001_loginfunctionality" time="14.830" classname="testcases.TC_003_login_data_excel_usingdatagen"/>
</testsuite> <!-- testcases.TC_003_login_data_excel_usingdatagen -->
