<?xml version="1.0" encoding="UTF-8"?>
<!-- Generated by org.testng.reporters.JUnitReportReporter -->
<testsuite skipped="0" hostname="T-248-602105L" name="testcases.TC_002_validatelogin_multi_staticdata" tests="3" failures="0" timestamp="11 Jun 2019 12:16:53 GMT" time="35.519" errors="0">
  <testcase name="TC_001_loginfunctionality" time="10.463" classname="testcases.TC_002_validatelogin_multi_staticdata"/>
  <testcase name="TC_001_loginfunctionality" time="10.960" classname="testcases.TC_002_validatelogin_multi_staticdata"/>
  <testcase name="TC_001_loginfunctionality" time="14.096" classname="testcases.TC_002_validatelogin_multi_staticdata"/>
</testsuite> <!-- testcases.TC_002_validatelogin_multi_staticdata -->
